<?xml version="1.0" encoding="UTF-8"?>
<testsuites name="TestSuite3" time="21" tests="1" failures="1" errors="0">
   <testsuite name="TestSuite3" tests="1" failures="1" errors="0" time="21" timestamp="2017-09-04 13:54:45" hostname="HP - JOY-Mul" id="Test Suites/TestSuite3">
      <properties>
         <property name="deviceName" value=""/>
         <property name="devicePlatform" value=""/>
         <property name="logFolder" value="C:\\Users\\HP\\git\\TestGit_clone2\\Reports\\TestSuite3\\20170904_135443"/>
         <property name="logFiles" value="C:\\Users\\HP\\git\\TestGit_clone2\\Reports\\TestSuite3\\20170904_135443\\execution0.log"/>
         <property name="attachments" value="C:\\Users\\HP\\git\\TestGit_clone2\\Reports\\TestSuite3\\20170904_135443\\1504508105282.png"/>
         <property name="hostName" value="HP - JOY-Mul"/>
         <property name="os" value="Windows 10 64bit"/>
         <property name="katalonVersion" value="4.8.0.2"/>
         <property name="browser" value="Chrome 60.0.3112.113"/>
         <property name="hostAddress" value="10.1.44.165"/>
         <property name="sessionId" value="4c4348e3b0788660d8628364866749a6"/>
         <property name="seleniumVersion" value="2.53.0"/>
         <property name="proxyInformation" value="ProxyInformation{proxyOption=NO_PROXY, proxyServerType=HTTP, password=, proxyServerAddress=, proxyServerPort=0}"/>
         <property name="platform" value="Windows 10"/>
      </properties>
      <testcase name="Test Cases/Test_Cellphone" classname="Test Cases/Test_Cellphone" status="PASSED">
         <system-out><![CDATA[2017-09-04 13:54:45 - [TEST_CASE][PASSED] - Test Cases/Test_Cellphone: Test Cases/Test_Cellphone

2017-09-04 13:54:46 - [TEST_STEP][PASSED] - openBrowser: Browser is opened with url: ''

2017-09-04 13:54:49 - [MESSAGE][PASSED] - Browser is opened with url: ''

2017-09-04 13:54:49 - [TEST_STEP][PASSED] - navigateToUrl: Navigate to 'http://vivblind.play2pay.me/volunteer/register' successfully

2017-09-04 13:54:54 - [MESSAGE][PASSED] - Navigate to 'http://vivblind.play2pay.me/volunteer/register' successfully

2017-09-04 13:54:54 - [TEST_STEP][PASSED] - setText: Text '098' is set on object 'Object Repository/Test_Cellphone/Page_ -/input_CELL_PHONE'

2017-09-04 13:54:54 - [MESSAGE][PASSED] - Text '098' is set on object 'Object Repository/Test_Cellphone/Page_ -/input_CELL_PHONE'

2017-09-04 13:54:54 - [TEST_STEP][PASSED] - click: Object: 'Object Repository/Test_Cellphone/Page_ -/input_btn btn-primary' is clicked on

2017-09-04 13:54:55 - [MESSAGE][PASSED] - Object: 'Object Repository/Test_Cellphone/Page_ -/input_btn btn-primary' is clicked on

2017-09-04 13:54:55 - [TEST_STEP][PASSED] - verifyTextPresent: Text 'กรุณากรอกเบอร์มือถือ 10 หลัก' is present on page 

2017-09-04 13:54:55 - [MESSAGE][PASSED] - Text 'กรุณากรอกเบอร์มือถือ 10 หลัก' is present on page 

2017-09-04 13:54:55 - [TEST_STEP][PASSED] - setText: Text '0789877789' is set on object 'Object Repository/Test_Cellphone/Page_ -/input_CELL_PHONE'

2017-09-04 13:54:55 - [MESSAGE][PASSED] - Text '0789877789' is set on object 'Object Repository/Test_Cellphone/Page_ -/input_CELL_PHONE'

2017-09-04 13:54:55 - [TEST_STEP][PASSED] - click: Object: 'Object Repository/Test_Cellphone/Page_ -/input_btn btn-primary' is clicked on

2017-09-04 13:54:56 - [MESSAGE][PASSED] - Object: 'Object Repository/Test_Cellphone/Page_ -/input_btn btn-primary' is clicked on

2017-09-04 13:54:56 - [TEST_STEP][PASSED] - verifyTextNotPresent: Text 'กรุณากรอกเบอร์มือถือ 10 หลัก' is not present on page

2017-09-04 13:54:56 - [MESSAGE][PASSED] - Text 'กรุณากรอกเบอร์มือถือ 10 หลัก' is not present on page]]></system-out>
         <system-err><![CDATA[]]></system-err>
      </testcase>
      <testcase name="Test Cases/Test_Email" classname="Test Cases/Test_Email" status="FAILED">
         <failure type="FAILED" message="Unable to click on object 'Object Repository/Test Email/Page_ -/input_btn btn-primary' (Root cause: org.openqa.selenium.WebDriverException: unknown error: Element &lt;input class=&quot;btn btn-primary&quot; type=&quot;submit&quot; value=&quot;บันทึก&quot;> is not clickable at point (448, 870). Other element would receive the click: &lt;div class=&quot;container&quot; style=&quot;    text-align: right;
    font-size: 12px;&quot;>...&lt;/div>
  (Session info: chrome=60.0.3112.113)
  (Driver info: chromedriver=2.31.488763 (092de99f48a300323ecf8c2a4e2e7cab51de5ba8),platform=Windows NT 10.0.15063 x86_64) (WARNING: The server did not provide any stacktrace information)
Command duration or timeout: 54 milliseconds
Build info: version: '2.53.0', revision: '35ae25b', time: '2016-03-15 17:00:58'
System info: host: 'JOY-Mul', ip: '10.1.44.165', os.name: 'Windows 10', os.arch: 'amd64', os.version: '10.0', java.version: '1.8.0_102'
Driver info: com.kms.katalon.selenium.driver.CChromeDriver
Capabilities [{applicationCacheEnabled=false, rotatable=false, mobileEmulationEnabled=false, networkConnectionEnabled=false, chrome={chromedriverVersion=2.31.488763 (092de99f48a300323ecf8c2a4e2e7cab51de5ba8), userDataDir=C:\Users\HP\AppData\Local\Temp\scoped_dir2860_18499}, takesHeapSnapshot=true, pageLoadStrategy=normal, databaseEnabled=false, handlesAlerts=true, hasTouchScreen=false, version=60.0.3112.113, platform=XP, browserConnectionEnabled=false, nativeEvents=true, acceptSslCerts=true, locationContextEnabled=true, webStorageEnabled=true, browserName=chrome, takesScreenshot=true, javascriptEnabled=true, cssSelectorsEnabled=true, setWindowRect=true, unexpectedAlertBehaviour=}]
Session ID: 4c4348e3b0788660d8628364866749a6)"/>
         <system-out><![CDATA[2017-09-04 13:54:56 - [TEST_CASE][FAILED] - Test Cases/Test_Email: Test Cases/Test_Email FAILED because (of) Unable to click on object 'Object Repository/Test Email/Page_ -/input_btn btn-primary' (Root cause: org.openqa.selenium.WebDriverException: unknown error: Element <input class="btn btn-primary" type="submit" value="บันทึก"> is not clickable at point (448, 870). Other element would receive the click: <div class="container" style="    text-align: right;
    font-size: 12px;">...</div>
  (Session info: chrome=60.0.3112.113)
  (Driver info: chromedriver=2.31.488763 (092de99f48a300323ecf8c2a4e2e7cab51de5ba8),platform=Windows NT 10.0.15063 x86_64) (WARNING: The server did not provide any stacktrace information)
Command duration or timeout: 54 milliseconds
Build info: version: '2.53.0', revision: '35ae25b', time: '2016-03-15 17:00:58'
System info: host: 'JOY-Mul', ip: '10.1.44.165', os.name: 'Windows 10', os.arch: 'amd64', os.version: '10.0', java.version: '1.8.0_102'
Driver info: com.kms.katalon.selenium.driver.CChromeDriver
Capabilities [{applicationCacheEnabled=false, rotatable=false, mobileEmulationEnabled=false, networkConnectionEnabled=false, chrome={chromedriverVersion=2.31.488763 (092de99f48a300323ecf8c2a4e2e7cab51de5ba8), userDataDir=C:\Users\HP\AppData\Local\Temp\scoped_dir2860_18499}, takesHeapSnapshot=true, pageLoadStrategy=normal, databaseEnabled=false, handlesAlerts=true, hasTouchScreen=false, version=60.0.3112.113, platform=XP, browserConnectionEnabled=false, nativeEvents=true, acceptSslCerts=true, locationContextEnabled=true, webStorageEnabled=true, browserName=chrome, takesScreenshot=true, javascriptEnabled=true, cssSelectorsEnabled=true, setWindowRect=true, unexpectedAlertBehaviour=}]
Session ID: 4c4348e3b0788660d8628364866749a6)

2017-09-04 13:54:56 - [TEST_STEP][PASSED] - openBrowser: Browser is opened with url: ''

2017-09-04 13:54:56 - [MESSAGE][WARNING] - A browser is already opened. Closing browser and opening a new one

2017-09-04 13:54:59 - [MESSAGE][PASSED] - Browser is opened with url: ''

2017-09-04 13:54:59 - [TEST_STEP][PASSED] - navigateToUrl: Navigate to 'http://vivblind.play2pay.me/volunteer/register' successfully

2017-09-04 13:55:05 - [MESSAGE][PASSED] - Navigate to 'http://vivblind.play2pay.me/volunteer/register' successfully

2017-09-04 13:55:05 - [TEST_STEP][PASSED] - setText: Text 'aa' is set on object 'Object Repository/Test Email/Page_ - (1)/input_EMAIL'

2017-09-04 13:55:05 - [MESSAGE][PASSED] - Text 'aa' is set on object 'Object Repository/Test Email/Page_ - (1)/input_EMAIL'

2017-09-04 13:55:05 - [TEST_STEP][FAILED] - click: Unable to click on object 'Object Repository/Test Email/Page_ -/input_btn btn-primary' (Root cause: org.openqa.selenium.WebDriverException: unknown error: Element <input class="btn btn-primary" type="submit" value="บันทึก"> is not clickable at point (448, 870). Other element would receive the click: <div class="container" style="    text-align: right;
    font-size: 12px;">...</div>
  (Session info: chrome=60.0.3112.113)
  (Driver info: chromedriver=2.31.488763 (092de99f48a300323ecf8c2a4e2e7cab51de5ba8),platform=Windows NT 10.0.15063 x86_64) (WARNING: The server did not provide any stacktrace information)
Command duration or timeout: 54 milliseconds
Build info: version: '2.53.0', revision: '35ae25b', time: '2016-03-15 17:00:58'
System info: host: 'JOY-Mul', ip: '10.1.44.165', os.name: 'Windows 10', os.arch: 'amd64', os.version: '10.0', java.version: '1.8.0_102'
Driver info: com.kms.katalon.selenium.driver.CChromeDriver
Capabilities [{applicationCacheEnabled=false, rotatable=false, mobileEmulationEnabled=false, networkConnectionEnabled=false, chrome={chromedriverVersion=2.31.488763 (092de99f48a300323ecf8c2a4e2e7cab51de5ba8), userDataDir=C:\Users\HP\AppData\Local\Temp\scoped_dir2860_18499}, takesHeapSnapshot=true, pageLoadStrategy=normal, databaseEnabled=false, handlesAlerts=true, hasTouchScreen=false, version=60.0.3112.113, platform=XP, browserConnectionEnabled=false, nativeEvents=true, acceptSslCerts=true, locationContextEnabled=true, webStorageEnabled=true, browserName=chrome, takesScreenshot=true, javascriptEnabled=true, cssSelectorsEnabled=true, setWindowRect=true, unexpectedAlertBehaviour=}]
Session ID: 4c4348e3b0788660d8628364866749a6)

2017-09-04 13:55:05 - [MESSAGE][FAILED] - Unable to click on object 'Object Repository/Test Email/Page_ -/input_btn btn-primary' (Root cause: org.openqa.selenium.WebDriverException: unknown error: Element <input class="btn btn-primary" type="submit" value="บันทึก"> is not clickable at point (448, 870). Other element would receive the click: <div class="container" style="    text-align: right;
    font-size: 12px;">...</div>
  (Session info: chrome=60.0.3112.113)
  (Driver info: chromedriver=2.31.488763 (092de99f48a300323ecf8c2a4e2e7cab51de5ba8),platform=Windows NT 10.0.15063 x86_64) (WARNING: The server did not provide any stacktrace information)
Command duration or timeout: 54 milliseconds
Build info: version: '2.53.0', revision: '35ae25b', time: '2016-03-15 17:00:58'
System info: host: 'JOY-Mul', ip: '10.1.44.165', os.name: 'Windows 10', os.arch: 'amd64', os.version: '10.0', java.version: '1.8.0_102'
Driver info: com.kms.katalon.selenium.driver.CChromeDriver
Capabilities [{applicationCacheEnabled=false, rotatable=false, mobileEmulationEnabled=false, networkConnectionEnabled=false, chrome={chromedriverVersion=2.31.488763 (092de99f48a300323ecf8c2a4e2e7cab51de5ba8), userDataDir=C:\Users\HP\AppData\Local\Temp\scoped_dir2860_18499}, takesHeapSnapshot=true, pageLoadStrategy=normal, databaseEnabled=false, handlesAlerts=true, hasTouchScreen=false, version=60.0.3112.113, platform=XP, browserConnectionEnabled=false, nativeEvents=true, acceptSslCerts=true, locationContextEnabled=true, webStorageEnabled=true, browserName=chrome, takesScreenshot=true, javascriptEnabled=true, cssSelectorsEnabled=true, setWindowRect=true, unexpectedAlertBehaviour=}]
Session ID: 4c4348e3b0788660d8628364866749a6)
[[ATTACHMENT|C:\\Users\\HP\\git\\TestGit_clone2\\Reports\\TestSuite3\\20170904_135443\\1504508105282.png]]]]></system-out>
         <system-err><![CDATA[2017-09-04 13:54:56 - [TEST_CASE][FAILED] - Test Cases/Test_Email: Test Cases/Test_Email FAILED because (of) Unable to click on object 'Object Repository/Test Email/Page_ -/input_btn btn-primary' (Root cause: org.openqa.selenium.WebDriverException: unknown error: Element <input class="btn btn-primary" type="submit" value="บันทึก"> is not clickable at point (448, 870). Other element would receive the click: <div class="container" style="    text-align: right;
    font-size: 12px;">...</div>
  (Session info: chrome=60.0.3112.113)
  (Driver info: chromedriver=2.31.488763 (092de99f48a300323ecf8c2a4e2e7cab51de5ba8),platform=Windows NT 10.0.15063 x86_64) (WARNING: The server did not provide any stacktrace information)
Command duration or timeout: 54 milliseconds
Build info: version: '2.53.0', revision: '35ae25b', time: '2016-03-15 17:00:58'
System info: host: 'JOY-Mul', ip: '10.1.44.165', os.name: 'Windows 10', os.arch: 'amd64', os.version: '10.0', java.version: '1.8.0_102'
Driver info: com.kms.katalon.selenium.driver.CChromeDriver
Capabilities [{applicationCacheEnabled=false, rotatable=false, mobileEmulationEnabled=false, networkConnectionEnabled=false, chrome={chromedriverVersion=2.31.488763 (092de99f48a300323ecf8c2a4e2e7cab51de5ba8), userDataDir=C:\Users\HP\AppData\Local\Temp\scoped_dir2860_18499}, takesHeapSnapshot=true, pageLoadStrategy=normal, databaseEnabled=false, handlesAlerts=true, hasTouchScreen=false, version=60.0.3112.113, platform=XP, browserConnectionEnabled=false, nativeEvents=true, acceptSslCerts=true, locationContextEnabled=true, webStorageEnabled=true, browserName=chrome, takesScreenshot=true, javascriptEnabled=true, cssSelectorsEnabled=true, setWindowRect=true, unexpectedAlertBehaviour=}]
Session ID: 4c4348e3b0788660d8628364866749a6)]]></system-err>
      </testcase>
      <system-out><![CDATA[2017-09-04 13:54:45 - [TEST_SUITE][FAILED] - TestSuite3: Test Cases/Test_Email FAILED because (of) Unable to click on object 'Object Repository/Test Email/Page_ -/input_btn btn-primary' (Root cause: org.openqa.selenium.WebDriverException: unknown error: Element <input class="btn btn-primary" type="submit" value="บันทึก"> is not clickable at point (448, 870). Other element would receive the click: <div class="container" style="    text-align: right;
    font-size: 12px;">...</div>
  (Session info: chrome=60.0.3112.113)
  (Driver info: chromedriver=2.31.488763 (092de99f48a300323ecf8c2a4e2e7cab51de5ba8),platform=Windows NT 10.0.15063 x86_64) (WARNING: The server did not provide any stacktrace information)
Command duration or timeout: 54 milliseconds
Build info: version: '2.53.0', revision: '35ae25b', time: '2016-03-15 17:00:58'
System info: host: 'JOY-Mul', ip: '10.1.44.165', os.name: 'Windows 10', os.arch: 'amd64', os.version: '10.0', java.version: '1.8.0_102'
Driver info: com.kms.katalon.selenium.driver.CChromeDriver
Capabilities [{applicationCacheEnabled=false, rotatable=false, mobileEmulationEnabled=false, networkConnectionEnabled=false, chrome={chromedriverVersion=2.31.488763 (092de99f48a300323ecf8c2a4e2e7cab51de5ba8), userDataDir=C:\Users\HP\AppData\Local\Temp\scoped_dir2860_18499}, takesHeapSnapshot=true, pageLoadStrategy=normal, databaseEnabled=false, handlesAlerts=true, hasTouchScreen=false, version=60.0.3112.113, platform=XP, browserConnectionEnabled=false, nativeEvents=true, acceptSslCerts=true, locationContextEnabled=true, webStorageEnabled=true, browserName=chrome, takesScreenshot=true, javascriptEnabled=true, cssSelectorsEnabled=true, setWindowRect=true, unexpectedAlertBehaviour=}]
Session ID: 4c4348e3b0788660d8628364866749a6)]]></system-out>
      <system-err><![CDATA[2017-09-04 13:54:45 - [TEST_SUITE][FAILED] - TestSuite3: Test Cases/Test_Email FAILED because (of) Unable to click on object 'Object Repository/Test Email/Page_ -/input_btn btn-primary' (Root cause: org.openqa.selenium.WebDriverException: unknown error: Element <input class="btn btn-primary" type="submit" value="บันทึก"> is not clickable at point (448, 870). Other element would receive the click: <div class="container" style="    text-align: right;
    font-size: 12px;">...</div>
  (Session info: chrome=60.0.3112.113)
  (Driver info: chromedriver=2.31.488763 (092de99f48a300323ecf8c2a4e2e7cab51de5ba8),platform=Windows NT 10.0.15063 x86_64) (WARNING: The server did not provide any stacktrace information)
Command duration or timeout: 54 milliseconds
Build info: version: '2.53.0', revision: '35ae25b', time: '2016-03-15 17:00:58'
System info: host: 'JOY-Mul', ip: '10.1.44.165', os.name: 'Windows 10', os.arch: 'amd64', os.version: '10.0', java.version: '1.8.0_102'
Driver info: com.kms.katalon.selenium.driver.CChromeDriver
Capabilities [{applicationCacheEnabled=false, rotatable=false, mobileEmulationEnabled=false, networkConnectionEnabled=false, chrome={chromedriverVersion=2.31.488763 (092de99f48a300323ecf8c2a4e2e7cab51de5ba8), userDataDir=C:\Users\HP\AppData\Local\Temp\scoped_dir2860_18499}, takesHeapSnapshot=true, pageLoadStrategy=normal, databaseEnabled=false, handlesAlerts=true, hasTouchScreen=false, version=60.0.3112.113, platform=XP, browserConnectionEnabled=false, nativeEvents=true, acceptSslCerts=true, locationContextEnabled=true, webStorageEnabled=true, browserName=chrome, takesScreenshot=true, javascriptEnabled=true, cssSelectorsEnabled=true, setWindowRect=true, unexpectedAlertBehaviour=}]
Session ID: 4c4348e3b0788660d8628364866749a6)]]></system-err>
   </testsuite>
</testsuites>
